# JRE version: Java(TM) SE Runtime Environment 18.9 (11.0.16.1+1) (build 11.0.16.1+1-LTS-1)
# Java VM: Java HotSpot(TM) 64-Bit Server VM 18.9 (11.0.16.1+1-LTS-1, mixed mode, tiered, compressed oops, g1 gc, windows-amd64)
Heap:
 garbage-first heap   total 602112K, used 338271K [0x0000000680800000, 0x0000000800000000)
  region size 1024K, 64 young (65536K), 26 survivors (26624K)
 Metaspace       used 135686K, capacity 138147K, committed 138360K, reserved 1169408K
  class space    used 17314K, capacity 18249K, committed 18304K, reserved 1048576K
GC Heap History (10 events):
Event: 902.801 GC heap before
{Heap before GC invocations=31 (full 0):
 garbage-first heap   total 602112K, used 506860K [0x0000000680800000, 0x0000000800000000)
  region size 1024K, 257 young (263168K), 22 survivors (22528K)
 Metaspace       used 102310K, capacity 104418K, committed 104696K, reserved 1140736K
  class space    used 12452K, capacity 13268K, committed 13312K, reserved 1048576K
}
Event: 902.825 GC heap after
{Heap after GC invocations=32 (full 0):
 garbage-first heap   total 602112K, used 270746K [0x0000000680800000, 0x0000000800000000)
  region size 1024K, 24 young (24576K), 24 survivors (24576K)
 Metaspace       used 102310K, capacity 104418K, committed 104696K, reserved 1140736K
  class space    used 12452K, capacity 13268K, committed 13312K, reserved 1048576K
}
Event: 903.258 GC heap before
{Heap before GC invocations=32 (full 0):
 garbage-first heap   total 602112K, used 501146K [0x0000000680800000, 0x0000000800000000)
  region size 1024K, 250 young (256000K), 24 survivors (24576K)
 Metaspace       used 102312K, capacity 104418K, committed 104696K, reserved 1140736K
  class space    used 12452K, capacity 13268K, committed 13312K, reserved 1048576K
}
Event: 903.278 GC heap after
{Heap after GC invocations=33 (full 0):
 garbage-first heap   total 602112K, used 278800K [0x0000000680800000, 0x0000000800000000)
  region size 1024K, 23 young (23552K), 23 survivors (23552K)
 Metaspace       used 102312K, capacity 104418K, committed 104696K, reserved 1140736K
  class space    used 12452K, capacity 13268K, committed 13312K, reserved 1048576K
}
Event: 904.369 GC heap before
{Heap before GC invocations=33 (full 0):
 garbage-first heap   total 602112K, used 504080K [0x0000000680800000, 0x0000000800000000)
  region size 1024K, 244 young (249856K), 23 survivors (23552K)
 Metaspace       used 102314K, capacity 104418K, committed 104696K, reserved 1140736K
  class space    used 12452K, capacity 13268K, committed 13312K, reserved 1048576K
}
Event: 904.395 GC heap after
{Heap after GC invocations=34 (full 0):
 garbage-first heap   total 602112K, used 282988K [0x0000000680800000, 0x0000000800000000)
  region size 1024K, 18 young (18432K), 18 survivors (18432K)
 Metaspace       used 102314K, capacity 104418K, committed 104696K, reserved 1140736K
  class space    used 12452K, capacity 13268K, committed 13312K, reserved 1048576K
}
Event: 910.606 GC heap before
{Heap before GC invocations=34 (full 0):
 garbage-first heap   total 602112K, used 508268K [0x0000000680800000, 0x0000000800000000)
  region size 1024K, 238 young (243712K), 18 survivors (18432K)
 Metaspace       used 120497K, capacity 122773K, committed 123000K, reserved 1157120K
  class space    used 15318K, capacity 16183K, committed 16256K, reserved 1048576K
}
Event: 910.622 GC heap after
{Heap after GC invocations=35 (full 0):
 garbage-first heap   total 602112K, used 286234K [0x0000000680800000, 0x0000000800000000)
  region size 1024K, 12 young (12288K), 12 survivors (12288K)
 Metaspace       used 120497K, capacity 122773K, committed 123000K, reserved 1157120K
  class space    used 15318K, capacity 16183K, committed 16256K, reserved 1048576K
}
Event: 918.596 GC heap before
{Heap before GC invocations=35 (full 0):
 garbage-first heap   total 602112K, used 512538K [0x0000000680800000, 0x0000000800000000)
  region size 1024K, 233 young (238592K), 12 survivors (12288K)
 Metaspace       used 135685K, capacity 138147K, committed 138360K, reserved 1169408K
  class space    used 17314K, capacity 18249K, committed 18304K, reserved 1048576K
}
Event: 918.616 GC heap after
{Heap after GC invocations=36 (full 0):
 garbage-first heap   total 602112K, used 300383K [0x0000000680800000, 0x0000000800000000)
  region size 1024K, 26 young (26624K), 26 survivors (26624K)
 Metaspace       used 135685K, capacity 138147K, committed 138360K, reserved 1169408K
  class space    used 17314K, capacity 18249K, committed 18304K, reserved 1048576K
}

