# JRE version: Java(TM) SE Runtime Environment 18.9 (11.0.16.1+1) (build 11.0.16.1+1-LTS-1)
# Java VM: Java HotSpot(TM) 64-Bit Server VM 18.9 (11.0.16.1+1-LTS-1, mixed mode, tiered, compressed oops, g1 gc, windows-amd64)
Heap:
 garbage-first heap   total 472064K, used 378859K [0x0000000680800000, 0x0000000800000000)
  region size 1024K, 269 young (275456K), 32 survivors (32768K)
 Metaspace       used 66068K, capacity 67430K, committed 67660K, reserved 1107968K
  class space    used 7725K, capacity 8264K, committed 8396K, reserved 1048576K
GC Heap History (10 events):
Event: 15.233 GC heap after
{Heap after GC invocations=14 (full 0):
 garbage-first heap   total 393216K, used 122940K [0x0000000680800000, 0x0000000800000000)
  region size 1024K, 23 young (23552K), 23 survivors (23552K)
 Metaspace       used 42030K, capacity 43158K, committed 43468K, reserved 1087488K
  class space    used 4362K, capacity 4771K, committed 4864K, reserved 1048576K
}
Event: 15.516 GC heap before
{Heap before GC invocations=14 (full 0):
 garbage-first heap   total 393216K, used 291900K [0x0000000680800000, 0x0000000800000000)
  region size 1024K, 187 young (191488K), 23 survivors (23552K)
 Metaspace       used 42142K, capacity 43222K, committed 43468K, reserved 1087488K
  class space    used 4364K, capacity 4771K, committed 4864K, reserved 1048576K
}
Event: 15.537 GC heap after
{Heap after GC invocations=15 (full 0):
 garbage-first heap   total 472064K, used 121448K [0x0000000680800000, 0x0000000800000000)
  region size 1024K, 9 young (9216K), 9 survivors (9216K)
 Metaspace       used 42142K, capacity 43222K, committed 43468K, reserved 1087488K
  class space    used 4364K, capacity 4771K, committed 4864K, reserved 1048576K
}
Event: 15.810 GC heap before
{Heap before GC invocations=15 (full 0):
 garbage-first heap   total 472064K, used 341608K [0x0000000680800000, 0x0000000800000000)
  region size 1024K, 226 young (231424K), 9 survivors (9216K)
 Metaspace       used 42148K, capacity 43222K, committed 43468K, reserved 1087488K
  class space    used 4364K, capacity 4771K, committed 4864K, reserved 1048576K
}
Event: 15.825 GC heap after
{Heap after GC invocations=16 (full 0):
 garbage-first heap   total 472064K, used 131019K [0x0000000680800000, 0x0000000800000000)
  region size 1024K, 19 young (19456K), 19 survivors (19456K)
 Metaspace       used 42148K, capacity 43222K, committed 43468K, reserved 1087488K
  class space    used 4364K, capacity 4771K, committed 4864K, reserved 1048576K
}
Event: 16.228 GC heap before
{Heap before GC invocations=16 (full 0):
 garbage-first heap   total 472064K, used 358347K [0x0000000680800000, 0x0000000800000000)
  region size 1024K, 242 young (247808K), 19 survivors (19456K)
 Metaspace       used 42624K, capacity 43655K, committed 43724K, reserved 1087488K
  class space    used 4423K, capacity 4807K, committed 4864K, reserved 1048576K
}
Event: 16.247 GC heap after
{Heap after GC invocations=17 (full 0):
 garbage-first heap   total 472064K, used 135168K [0x0000000680800000, 0x0000000800000000)
  region size 1024K, 16 young (16384K), 16 survivors (16384K)
 Metaspace       used 42624K, capacity 43655K, committed 43724K, reserved 1087488K
  class space    used 4423K, capacity 4807K, committed 4864K, reserved 1048576K
}
Event: 18.326 GC heap before
{Heap before GC invocations=17 (full 0):
 garbage-first heap   total 472064K, used 271360K [0x0000000680800000, 0x0000000800000000)
  region size 1024K, 151 young (154624K), 16 survivors (16384K)
 Metaspace       used 58832K, capacity 60183K, committed 60288K, reserved 1101824K
  class space    used 6864K, capacity 7394K, committed 7424K, reserved 1048576K
}
Event: 18.343 GC heap after
{Heap after GC invocations=18 (full 0):
 garbage-first heap   total 472064K, used 138219K [0x0000000680800000, 0x0000000800000000)
  region size 1024K, 19 young (19456K), 19 survivors (19456K)
 Metaspace       used 58832K, capacity 60183K, committed 60288K, reserved 1101824K
  class space    used 6864K, capacity 7394K, committed 7424K, reserved 1048576K
}
Event: 20.298 GC heap before
{Heap before GC invocations=19 (full 0):
 garbage-first heap   total 472064K, used 378859K [0x0000000680800000, 0x0000000800000000)
  region size 1024K, 256 young (262144K), 19 survivors (19456K)
 Metaspace       used 66068K, capacity 67430K, committed 67660K, reserved 1107968K
  class space    used 7725K, capacity 8264K, committed 8396K, reserved 1048576K
}

