# JRE version: Java(TM) SE Runtime Environment 18.9 (11.0.16.1+1) (build 11.0.16.1+1-LTS-1)
# Java VM: Java HotSpot(TM) 64-Bit Server VM 18.9 (11.0.16.1+1-LTS-1, mixed mode, tiered, compressed oops, g1 gc, windows-amd64)
Heap:
 garbage-first heap   total 393216K, used 92587K [0x0000000680800000, 0x0000000800000000)
  region size 1024K, 67 young (68608K), 8 survivors (8192K)
 Metaspace       used 31497K, capacity 32072K, committed 32256K, reserved 1077248K
  class space    used 3284K, capacity 3478K, committed 3584K, reserved 1048576K
GC Heap History (9 events):
Event: 12.069 GC heap before
{Heap before GC invocations=0 (full 0):
 garbage-first heap   total 393216K, used 22528K [0x0000000680800000, 0x0000000800000000)
  region size 1024K, 22 young (22528K), 0 survivors (0K)
 Metaspace       used 12379K, capacity 12597K, committed 12672K, reserved 1060864K
  class space    used 1239K, capacity 1348K, committed 1408K, reserved 1048576K
}
Event: 12.075 GC heap after
{Heap after GC invocations=1 (full 0):
 garbage-first heap   total 393216K, used 3558K [0x0000000680800000, 0x0000000800000000)
  region size 1024K, 3 young (3072K), 3 survivors (3072K)
 Metaspace       used 12379K, capacity 12597K, committed 12672K, reserved 1060864K
  class space    used 1239K, capacity 1348K, committed 1408K, reserved 1048576K
}
Event: 14.114 GC heap before
{Heap before GC invocations=1 (full 0):
 garbage-first heap   total 393216K, used 112102K [0x0000000680800000, 0x0000000800000000)
  region size 1024K, 110 young (112640K), 3 survivors (3072K)
 Metaspace       used 20864K, capacity 21229K, committed 21248K, reserved 1069056K
  class space    used 2165K, capacity 2288K, committed 2304K, reserved 1048576K
}
Event: 14.130 GC heap after
{Heap after GC invocations=2 (full 0):
 garbage-first heap   total 393216K, used 10508K [0x0000000680800000, 0x0000000800000000)
  region size 1024K, 10 young (10240K), 10 survivors (10240K)
 Metaspace       used 20864K, capacity 21229K, committed 21248K, reserved 1069056K
  class space    used 2165K, capacity 2288K, committed 2304K, reserved 1048576K
}
Event: 15.954 GC heap before
{Heap before GC invocations=3 (full 0):
 garbage-first heap   total 393216K, used 113932K [0x0000000680800000, 0x0000000800000000)
  region size 1024K, 106 young (108544K), 10 survivors (10240K)
 Metaspace       used 30546K, capacity 31144K, committed 31360K, reserved 1077248K
  class space    used 3220K, capacity 3406K, committed 3456K, reserved 1048576K
}
Event: 15.976 GC heap after
{Heap after GC invocations=4 (full 0):
 garbage-first heap   total 393216K, used 25443K [0x0000000680800000, 0x0000000800000000)
  region size 1024K, 14 young (14336K), 14 survivors (14336K)
 Metaspace       used 30546K, capacity 31144K, committed 31360K, reserved 1077248K
  class space    used 3220K, capacity 3406K, committed 3456K, reserved 1048576K
}
Event: 16.091 GC heap before
{Heap before GC invocations=4 (full 0):
 garbage-first heap   total 393216K, used 31587K [0x0000000680800000, 0x0000000800000000)
  region size 1024K, 19 young (19456K), 14 survivors (14336K)
 Metaspace       used 30605K, capacity 31144K, committed 31360K, reserved 1077248K
  class space    used 3220K, capacity 3406K, committed 3456K, reserved 1048576K
}
Event: 16.102 GC heap after
{Heap after GC invocations=5 (full 0):
 garbage-first heap   total 393216K, used 31147K [0x0000000680800000, 0x0000000800000000)
  region size 1024K, 3 young (3072K), 3 survivors (3072K)
 Metaspace       used 30605K, capacity 31144K, committed 31360K, reserved 1077248K
  class space    used 3220K, capacity 3406K, committed 3456K, reserved 1048576K
}
Event: 17.113 GC heap before
{Heap before GC invocations=5 (full 0):
 garbage-first heap   total 393216K, used 91563K [0x0000000680800000, 0x0000000800000000)
  region size 1024K, 62 young (63488K), 3 survivors (3072K)
 Metaspace       used 31497K, capacity 32072K, committed 32256K, reserved 1077248K
  class space    used 3284K, capacity 3478K, committed 3584K, reserved 1048576K
}

