# JRE version: Java(TM) SE Runtime Environment 18.9 (11.0.16.1+1) (build 11.0.16.1+1-LTS-1)
# Java VM: Java HotSpot(TM) 64-Bit Server VM 18.9 (11.0.16.1+1-LTS-1, mixed mode, tiered, compressed oops, g1 gc, windows-amd64)
Heap:
 garbage-first heap   total 567296K, used 139539K [0x0000000680800000, 0x0000000800000000)
  region size 1024K, 24 young (24576K), 21 survivors (21504K)
 Metaspace       used 58539K, capacity 59766K, committed 60032K, reserved 1101824K
  class space    used 6886K, capacity 7398K, committed 7424K, reserved 1048576K
GC Heap History (10 events):
Event: 12.092 GC heap before
{Heap before GC invocations=12 (full 0):
 garbage-first heap   total 472064K, used 308967K [0x0000000680800000, 0x0000000800000000)
  region size 1024K, 221 young (226304K), 15 survivors (15360K)
 Metaspace       used 40417K, capacity 41319K, committed 41600K, reserved 1085440K
  class space    used 4231K, capacity 4641K, committed 4736K, reserved 1048576K
}
Event: 12.112 GC heap after
{Heap after GC invocations=13 (full 0):
 garbage-first heap   total 472064K, used 108454K [0x0000000680800000, 0x0000000800000000)
  region size 1024K, 18 young (18432K), 18 survivors (18432K)
 Metaspace       used 40417K, capacity 41319K, committed 41600K, reserved 1085440K
  class space    used 4231K, capacity 4641K, committed 4736K, reserved 1048576K
}
Event: 12.659 GC heap before
{Heap before GC invocations=13 (full 0):
 garbage-first heap   total 472064K, used 341926K [0x0000000680800000, 0x0000000800000000)
  region size 1024K, 241 young (246784K), 18 survivors (18432K)
 Metaspace       used 41858K, capacity 42810K, committed 43008K, reserved 1087488K
  class space    used 4365K, capacity 4772K, committed 4864K, reserved 1048576K
}
Event: 12.685 GC heap after
{Heap after GC invocations=14 (full 0):
 garbage-first heap   total 472064K, used 119450K [0x0000000680800000, 0x0000000800000000)
  region size 1024K, 23 young (23552K), 23 survivors (23552K)
 Metaspace       used 41858K, capacity 42810K, committed 43008K, reserved 1087488K
  class space    used 4365K, capacity 4772K, committed 4864K, reserved 1048576K
}
Event: 12.993 GC heap before
{Heap before GC invocations=14 (full 0):
 garbage-first heap   total 472064K, used 345754K [0x0000000680800000, 0x0000000800000000)
  region size 1024K, 246 young (251904K), 23 survivors (23552K)
 Metaspace       used 41868K, capacity 42810K, committed 43008K, reserved 1087488K
  class space    used 4365K, capacity 4772K, committed 4864K, reserved 1048576K
}
Event: 13.018 GC heap after
{Heap after GC invocations=15 (full 0):
 garbage-first heap   total 472064K, used 129536K [0x0000000680800000, 0x0000000800000000)
  region size 1024K, 24 young (24576K), 24 survivors (24576K)
 Metaspace       used 41868K, capacity 42810K, committed 43008K, reserved 1087488K
  class space    used 4365K, capacity 4772K, committed 4864K, reserved 1048576K
}
Event: 13.329 GC heap before
{Heap before GC invocations=15 (full 0):
 garbage-first heap   total 472064K, used 357888K [0x0000000680800000, 0x0000000800000000)
  region size 1024K, 248 young (253952K), 24 survivors (24576K)
 Metaspace       used 41874K, capacity 42810K, committed 43008K, reserved 1087488K
  class space    used 4365K, capacity 4772K, committed 4864K, reserved 1048576K
}
Event: 13.352 GC heap after
{Heap after GC invocations=16 (full 0):
 garbage-first heap   total 567296K, used 134931K [0x0000000680800000, 0x0000000800000000)
  region size 1024K, 18 young (18432K), 18 survivors (18432K)
 Metaspace       used 41874K, capacity 42810K, committed 43008K, reserved 1087488K
  class space    used 4365K, capacity 4772K, committed 4864K, reserved 1048576K
}
Event: 15.542 GC heap before
{Heap before GC invocations=16 (full 0):
 garbage-first heap   total 567296K, used 309011K [0x0000000680800000, 0x0000000800000000)
  region size 1024K, 190 young (194560K), 18 survivors (18432K)
 Metaspace       used 58157K, capacity 59361K, committed 59520K, reserved 1101824K
  class space    used 6835K, capacity 7327K, committed 7424K, reserved 1048576K
}
Event: 15.558 GC heap after
{Heap after GC invocations=17 (full 0):
 garbage-first heap   total 567296K, used 137491K [0x0000000680800000, 0x0000000800000000)
  region size 1024K, 21 young (21504K), 21 survivors (21504K)
 Metaspace       used 58157K, capacity 59361K, committed 59520K, reserved 1101824K
  class space    used 6835K, capacity 7327K, committed 7424K, reserved 1048576K
}

